0 info it worked if it ends with ok
1 verbose cli [ 'C:\\Program Files\\nodejs\\node.exe',
1 verbose cli   'C:\\Program Files\\nodejs\\node_modules\\npm\\bin\\npm-cli.js',
1 verbose cli   'install',
1 verbose cli   'react-native-push-notification' ]
2 info using npm@3.10.8
3 info using node@v6.9.1
4 silly loadCurrentTree Starting
5 silly install loadCurrentTree
6 silly install readLocalPackageData
7 silly fetchPackageMetaData react-native-push-notification
8 silly fetchNamedPackageData react-native-push-notification
9 silly mapToRegistry name react-native-push-notification
10 silly mapToRegistry using default registry
11 silly mapToRegistry registry https://registry.npmjs.org/
12 silly mapToRegistry data Result {
12 silly mapToRegistry   raw: 'react-native-push-notification',
12 silly mapToRegistry   scope: null,
12 silly mapToRegistry   escapedName: 'react-native-push-notification',
12 silly mapToRegistry   name: 'react-native-push-notification',
12 silly mapToRegistry   rawSpec: '',
12 silly mapToRegistry   spec: 'latest',
12 silly mapToRegistry   type: 'tag' }
13 silly mapToRegistry uri https://registry.npmjs.org/react-native-push-notification
14 verbose request uri https://registry.npmjs.org/react-native-push-notification
15 verbose request no auth needed
16 info attempt registry request try #1 at 7:19:53 PM
17 verbose request id 79ca3626faff1571
18 http request GET https://registry.npmjs.org/react-native-push-notification
19 http 200 https://registry.npmjs.org/react-native-push-notification
20 verbose headers { server: 'nginx/1.10.1',
20 verbose headers   'content-type': 'application/json',
20 verbose headers   'last-modified': 'Sun, 08 Jan 2017 12:39:29 GMT',
20 verbose headers   etag: 'W/"58723301-a5e6"',
20 verbose headers   'content-encoding': 'gzip',
20 verbose headers   'cache-control': 'max-age=300',
20 verbose headers   'content-length': '7756',
20 verbose headers   'accept-ranges': 'bytes',
20 verbose headers   date: 'Sat, 28 Jan 2017 13:49:56 GMT',
20 verbose headers   via: '1.1 varnish',
20 verbose headers   age: '0',
20 verbose headers   connection: 'keep-alive',
20 verbose headers   'x-served-by': 'cache-lhr6351-LHR',
20 verbose headers   'x-cache': 'MISS',
20 verbose headers   'x-cache-hits': '0',
20 verbose headers   'x-timer': 'S1485611396.226598,VS0,VE106',
20 verbose headers   vary: 'Accept-Encoding' }
21 silly get cb [ 200,
21 silly get   { server: 'nginx/1.10.1',
21 silly get     'content-type': 'application/json',
21 silly get     'last-modified': 'Sun, 08 Jan 2017 12:39:29 GMT',
21 silly get     etag: 'W/"58723301-a5e6"',
21 silly get     'content-encoding': 'gzip',
21 silly get     'cache-control': 'max-age=300',
21 silly get     'content-length': '7756',
21 silly get     'accept-ranges': 'bytes',
21 silly get     date: 'Sat, 28 Jan 2017 13:49:56 GMT',
21 silly get     via: '1.1 varnish',
21 silly get     age: '0',
21 silly get     connection: 'keep-alive',
21 silly get     'x-served-by': 'cache-lhr6351-LHR',
21 silly get     'x-cache': 'MISS',
21 silly get     'x-cache-hits': '0',
21 silly get     'x-timer': 'S1485611396.226598,VS0,VE106',
21 silly get     vary: 'Accept-Encoding' } ]
22 verbose get saving react-native-push-notification to C:\Users\codea\AppData\Roaming\npm-cache\registry.npmjs.org\react-native-push-notification\.cache.json
23 verbose correctMkdir C:\Users\codea\AppData\Roaming\npm-cache correctMkdir not in flight; initializing
24 silly install normalizeTree
25 silly loadCurrentTree Finishing
26 silly loadIdealTree Starting
27 silly install loadIdealTree
28 silly cloneCurrentTree Starting
29 silly install cloneCurrentTreeToIdealTree
30 silly cloneCurrentTree Finishing
31 silly loadShrinkwrap Starting
32 silly install loadShrinkwrap
33 silly loadShrinkwrap Finishing
34 silly loadAllDepsIntoIdealTree Starting
35 silly install loadAllDepsIntoIdealTree
36 silly resolveWithNewModule react-native-push-notification@2.2.1 checking installable status
37 silly cache add args [ 'react-native-push-notification', null ]
38 verbose cache add spec react-native-push-notification
39 silly cache add parsed spec Result {
39 silly cache add   raw: 'react-native-push-notification',
39 silly cache add   scope: null,
39 silly cache add   escapedName: 'react-native-push-notification',
39 silly cache add   name: 'react-native-push-notification',
39 silly cache add   rawSpec: '',
39 silly cache add   spec: 'latest',
39 silly cache add   type: 'tag' }
40 silly addNamed react-native-push-notification@latest
41 verbose addNamed "latest" is being treated as a dist-tag for react-native-push-notification
42 info addNameTag [ 'react-native-push-notification', 'latest' ]
43 silly mapToRegistry name react-native-push-notification
44 silly mapToRegistry using default registry
45 silly mapToRegistry registry https://registry.npmjs.org/
46 silly mapToRegistry data Result {
46 silly mapToRegistry   raw: 'react-native-push-notification',
46 silly mapToRegistry   scope: null,
46 silly mapToRegistry   escapedName: 'react-native-push-notification',
46 silly mapToRegistry   name: 'react-native-push-notification',
46 silly mapToRegistry   rawSpec: '',
46 silly mapToRegistry   spec: 'latest',
46 silly mapToRegistry   type: 'tag' }
47 silly mapToRegistry uri https://registry.npmjs.org/react-native-push-notification
48 verbose addNameTag registry:https://registry.npmjs.org/react-native-push-notification not in flight; fetching
49 verbose get https://registry.npmjs.org/react-native-push-notification not expired, no request
50 silly addNameTag next cb for react-native-push-notification with tag latest
51 silly addNamed react-native-push-notification@2.2.1
52 verbose addNamed "2.2.1" is a plain semver version for react-native-push-notification
53 silly mapToRegistry name react-native-push-notification
54 silly mapToRegistry using default registry
55 silly mapToRegistry registry https://registry.npmjs.org/
56 silly mapToRegistry data Result {
56 silly mapToRegistry   raw: 'react-native-push-notification',
56 silly mapToRegistry   scope: null,
56 silly mapToRegistry   escapedName: 'react-native-push-notification',
56 silly mapToRegistry   name: 'react-native-push-notification',
56 silly mapToRegistry   rawSpec: '',
56 silly mapToRegistry   spec: 'latest',
56 silly mapToRegistry   type: 'tag' }
57 silly mapToRegistry uri https://registry.npmjs.org/react-native-push-notification
58 verbose addRemoteTarball https://registry.npmjs.org/react-native-push-notification/-/react-native-push-notification-2.2.1.tgz not in flight; adding
59 verbose addRemoteTarball [ 'https://registry.npmjs.org/react-native-push-notification/-/react-native-push-notification-2.2.1.tgz',
59 verbose addRemoteTarball   '9b392cee8f5223a1e1772c9a88c95742549fcfc3' ]
60 info retry fetch attempt 1 at 7:19:56 PM
61 info attempt registry request try #1 at 7:19:56 PM
62 http fetch GET https://registry.npmjs.org/react-native-push-notification/-/react-native-push-notification-2.2.1.tgz
63 http fetch 200 https://registry.npmjs.org/react-native-push-notification/-/react-native-push-notification-2.2.1.tgz
64 silly fetchAndShaCheck shasum 9b392cee8f5223a1e1772c9a88c95742549fcfc3
65 verbose addTmpTarball C:\Users\codea\AppData\Local\Temp\npm-6552-2f89e353\registry.npmjs.org\react-native-push-notification\-\react-native-push-notification-2.2.1.tgz not in flight; adding
66 verbose addTmpTarball already have metadata; skipping unpack for react-native-push-notification@2.2.1
67 verbose correctMkdir C:\Users\codea\AppData\Roaming\npm-cache correctMkdir not in flight; initializing
68 silly cache afterAdd react-native-push-notification@2.2.1
69 verbose afterAdd C:\Users\codea\AppData\Roaming\npm-cache\react-native-push-notification\2.2.1\package\package.json not in flight; writing
70 verbose correctMkdir C:\Users\codea\AppData\Roaming\npm-cache correctMkdir not in flight; initializing
71 verbose afterAdd C:\Users\codea\AppData\Roaming\npm-cache\react-native-push-notification\2.2.1\package\package.json written
72 silly loadAllDepsIntoIdealTree Finishing
73 silly loadIdealTree Finishing
74 silly currentTree project@0.0.1
74 silly currentTree +-- abab@1.0.3
74 silly currentTree +-- absolute-path@0.0.0
74 silly currentTree +-- accepts@1.2.13
74 silly currentTree +-- acorn-globals@1.0.9
74 silly currentTree +-- acorn@2.7.0
74 silly currentTree +-- align-text@0.1.4
74 silly currentTree +-- amdefine@1.0.1
74 silly currentTree +-- ansi-escapes@1.4.0
74 silly currentTree +-- ansi-regex@2.1.1
74 silly currentTree +-- ansi-styles@2.2.1
74 silly currentTree +-- ansi@0.3.1
74 silly currentTree +-- ansicolors@0.2.1
74 silly currentTree +-- append-transform@0.4.0
74 silly currentTree +-- are-we-there-yet@1.1.2
74 silly currentTree +-- argparse@1.0.9
74 silly currentTree +-- arr-diff@2.0.0
74 silly currentTree +-- arr-flatten@1.0.1
74 silly currentTree +-- array-differ@1.0.0
74 silly currentTree +-- array-equal@1.0.0
74 silly currentTree +-- array-filter@0.0.1
74 silly currentTree +-- array-map@0.0.0
74 silly currentTree +-- array-reduce@0.0.0
74 silly currentTree +-- array-union@1.0.2
74 silly currentTree +-- array-uniq@1.0.3
74 silly currentTree +-- array-unique@0.2.1
74 silly currentTree +-- arrify@1.0.1
74 silly currentTree +-- art@0.10.1
74 silly currentTree +-- asap@2.0.5
74 silly currentTree +-- asn1@0.2.3
74 silly currentTree +-- assert-plus@0.2.0
74 silly currentTree +-- async@2.1.4
74 silly currentTree +-- asynckit@0.4.0
74 silly currentTree +-- aws-sign2@0.6.0
74 silly currentTree +-- aws4@1.5.0
74 silly currentTree +-- babel-code-frame@6.20.0
74 silly currentTree +-- babel-core@6.21.0
74 silly currentTree | `-- json5@0.5.1
74 silly currentTree +-- babel-generator@6.21.0
74 silly currentTree +-- babel-helper-builder-react-jsx@6.21.1
74 silly currentTree +-- babel-helper-call-delegate@6.18.0
74 silly currentTree +-- babel-helper-define-map@6.18.0
74 silly currentTree +-- babel-helper-function-name@6.18.0
74 silly currentTree +-- babel-helper-get-function-arity@6.18.0
74 silly currentTree +-- babel-helper-hoist-variables@6.18.0
74 silly currentTree +-- babel-helper-optimise-call-expression@6.18.0
74 silly currentTree +-- babel-helper-regex@6.18.0
74 silly currentTree +-- babel-helper-replace-supers@6.18.0
74 silly currentTree +-- babel-helpers@6.16.0
74 silly currentTree +-- babel-jest@18.0.0
74 silly currentTree +-- babel-messages@6.8.0
74 silly currentTree +-- babel-plugin-check-es2015-constants@6.8.0
74 silly currentTree +-- babel-plugin-external-helpers@6.18.0
74 silly currentTree +-- babel-plugin-istanbul@3.1.2
74 silly currentTree +-- babel-plugin-jest-hoist@18.0.0
74 silly currentTree +-- babel-plugin-react-transform@2.0.2
74 silly currentTree +-- babel-plugin-syntax-async-functions@6.13.0
74 silly currentTree +-- babel-plugin-syntax-class-properties@6.13.0
74 silly currentTree +-- babel-plugin-syntax-flow@6.18.0
74 silly currentTree +-- babel-plugin-syntax-jsx@6.18.0
74 silly currentTree +-- babel-plugin-syntax-object-rest-spread@6.13.0
74 silly currentTree +-- babel-plugin-syntax-trailing-function-commas@6.20.0
74 silly currentTree +-- babel-plugin-transform-class-properties@6.19.0
74 silly currentTree +-- babel-plugin-transform-es2015-arrow-functions@6.8.0
74 silly currentTree +-- babel-plugin-transform-es2015-block-scoped-functions@6.8.0
74 silly currentTree +-- babel-plugin-transform-es2015-block-scoping@6.21.0
74 silly currentTree +-- babel-plugin-transform-es2015-classes@6.18.0
74 silly currentTree +-- babel-plugin-transform-es2015-computed-properties@6.8.0
74 silly currentTree +-- babel-plugin-transform-es2015-destructuring@6.19.0
74 silly currentTree +-- babel-plugin-transform-es2015-for-of@6.18.0
74 silly currentTree +-- babel-plugin-transform-es2015-function-name@6.9.0
74 silly currentTree +-- babel-plugin-transform-es2015-literals@6.8.0
74 silly currentTree +-- babel-plugin-transform-es2015-modules-commonjs@6.18.0
74 silly currentTree +-- babel-plugin-transform-es2015-object-super@6.8.0
74 silly currentTree +-- babel-plugin-transform-es2015-parameters@6.21.0
74 silly currentTree +-- babel-plugin-transform-es2015-shorthand-properties@6.18.0
74 silly currentTree +-- babel-plugin-transform-es2015-spread@6.8.0
74 silly currentTree +-- babel-plugin-transform-es2015-sticky-regex@6.8.0
74 silly currentTree +-- babel-plugin-transform-es2015-template-literals@6.8.0
74 silly currentTree +-- babel-plugin-transform-es2015-unicode-regex@6.11.0
74 silly currentTree +-- babel-plugin-transform-es3-member-expression-literals@6.8.0
74 silly currentTree +-- babel-plugin-transform-es3-property-literals@6.8.0
74 silly currentTree +-- babel-plugin-transform-flow-strip-types@6.21.0
74 silly currentTree +-- babel-plugin-transform-object-assign@6.8.0
74 silly currentTree +-- babel-plugin-transform-object-rest-spread@6.20.2
74 silly currentTree +-- babel-plugin-transform-react-display-name@6.8.0
74 silly currentTree +-- babel-plugin-transform-react-jsx-source@6.9.0
74 silly currentTree +-- babel-plugin-transform-react-jsx@6.8.0
74 silly currentTree +-- babel-plugin-transform-regenerator@6.21.0
74 silly currentTree +-- babel-plugin-transform-strict-mode@6.18.0
74 silly currentTree +-- babel-polyfill@6.20.0
74 silly currentTree | `-- regenerator-runtime@0.10.1
74 silly currentTree +-- babel-preset-es2015-node@6.1.1
74 silly currentTree +-- babel-preset-fbjs@2.1.0
74 silly currentTree +-- babel-preset-jest@18.0.0
74 silly currentTree +-- babel-preset-react-native@1.9.1
74 silly currentTree +-- babel-register@6.18.0
74 silly currentTree +-- babel-runtime@6.20.0
74 silly currentTree | `-- regenerator-runtime@0.10.1
74 silly currentTree +-- babel-template@6.16.0
74 silly currentTree +-- babel-traverse@6.21.0
74 silly currentTree +-- babel-types@6.21.0
74 silly currentTree +-- babylon@6.15.0
74 silly currentTree +-- balanced-match@0.4.2
74 silly currentTree +-- base64-js@1.2.0
74 silly currentTree +-- base64-url@1.3.3
74 silly currentTree +-- basic-auth-connect@1.0.0
74 silly currentTree +-- basic-auth@1.0.4
74 silly currentTree +-- batch@0.5.3
74 silly currentTree +-- bcrypt-pbkdf@1.0.0
74 silly currentTree +-- beeper@1.1.1
74 silly currentTree +-- body-parser@1.13.3
74 silly currentTree | +-- debug@2.2.0
74 silly currentTree | `-- ms@0.7.1
74 silly currentTree +-- boom@2.10.1
74 silly currentTree +-- bplist-creator@0.0.4
74 silly currentTree +-- bplist-parser@0.0.6
74 silly currentTree +-- brace-expansion@1.1.6
74 silly currentTree +-- braces@1.8.5
74 silly currentTree +-- browser-resolve@1.11.2
74 silly currentTree | `-- resolve@1.1.7
74 silly currentTree +-- bser@1.0.2
74 silly currentTree +-- buffer-shims@1.0.0
74 silly currentTree +-- builtin-modules@1.1.1
74 silly currentTree +-- bytes@2.1.0
74 silly currentTree +-- callsites@2.0.0
74 silly currentTree +-- camelcase@1.2.1
74 silly currentTree +-- cardinal@1.0.0
74 silly currentTree +-- caseless@0.11.0
74 silly currentTree +-- center-align@0.1.3
74 silly currentTree +-- chalk@1.1.3
74 silly currentTree +-- ci-info@1.0.0
74 silly currentTree +-- cli-cursor@1.0.2
74 silly currentTree +-- cli-table@0.3.1
74 silly currentTree +-- cli-usage@0.1.4
74 silly currentTree +-- cli-width@2.1.0
74 silly currentTree +-- cliui@2.1.0
74 silly currentTree | `-- wordwrap@0.0.2
74 silly currentTree +-- clone-stats@0.0.1
74 silly currentTree +-- clone@1.0.2
74 silly currentTree +-- code-point-at@1.1.0
74 silly currentTree +-- colors@1.0.3
74 silly currentTree +-- combined-stream@1.0.5
74 silly currentTree +-- commander@2.9.0
74 silly currentTree +-- compressible@2.0.9
74 silly currentTree +-- compression@1.5.2
74 silly currentTree | +-- debug@2.2.0
74 silly currentTree | `-- ms@0.7.1
74 silly currentTree +-- concat-map@0.0.1
74 silly currentTree +-- connect-timeout@1.6.2
74 silly currentTree | +-- debug@2.2.0
74 silly currentTree | `-- ms@0.7.1
74 silly currentTree +-- connect@2.30.2
74 silly currentTree | +-- debug@2.2.0
74 silly currentTree | `-- ms@0.7.1
74 silly currentTree +-- content-type-parser@1.0.1
74 silly currentTree +-- content-type@1.0.2
74 silly currentTree +-- convert-source-map@1.3.0
74 silly currentTree +-- cookie-parser@1.3.5
74 silly currentTree +-- cookie-signature@1.0.6
74 silly currentTree +-- cookie@0.1.3
74 silly currentTree +-- core-js@2.4.1
74 silly currentTree +-- core-util-is@1.0.2
74 silly currentTree +-- crc@3.3.0
74 silly currentTree +-- cross-spawn@3.0.1
74 silly currentTree +-- cryptiles@2.0.5
74 silly currentTree +-- csrf@3.0.4
74 silly currentTree +-- cssom@0.3.1
74 silly currentTree +-- cssstyle@0.2.37
74 silly currentTree +-- csurf@1.8.3
74 silly currentTree +-- dashdash@1.14.1
74 silly currentTree | `-- assert-plus@1.0.0
74 silly currentTree +-- dateformat@2.0.0
74 silly currentTree +-- debug@2.6.0
74 silly currentTree +-- decamelize@1.2.0
74 silly currentTree +-- deep-is@0.1.3
74 silly currentTree +-- default-require-extensions@1.0.0
74 silly currentTree +-- delayed-stream@1.0.0
74 silly currentTree +-- delegates@1.0.0
74 silly currentTree +-- denodeify@1.2.1
74 silly currentTree +-- depd@1.0.1
74 silly currentTree +-- destroy@1.0.4
74 silly currentTree +-- detect-indent@4.0.0
74 silly currentTree +-- diff@3.2.0
74 silly currentTree +-- dom-walk@0.1.1
74 silly currentTree +-- duplexer2@0.0.2
74 silly currentTree +-- ecc-jsbn@0.1.1
74 silly currentTree +-- ee-first@1.1.1
74 silly currentTree +-- encoding@0.1.12
74 silly currentTree | `-- iconv-lite@0.4.15
74 silly currentTree +-- errno@0.1.4
74 silly currentTree +-- error-ex@1.3.0
74 silly currentTree +-- errorhandler@1.4.3
74 silly currentTree | +-- accepts@1.3.3
74 silly currentTree | `-- negotiator@0.6.1
74 silly currentTree +-- escape-html@1.0.3
74 silly currentTree +-- escape-string-regexp@1.0.5
74 silly currentTree +-- escodegen@1.8.1
74 silly currentTree | `-- source-map@0.2.0
74 silly currentTree +-- esprima@2.7.3
74 silly currentTree +-- estraverse@1.9.3
74 silly currentTree +-- esutils@2.0.2
74 silly currentTree +-- etag@1.7.0
74 silly currentTree +-- event-target-shim@1.1.1
74 silly currentTree +-- exec-sh@0.2.0
74 silly currentTree +-- exit-hook@1.1.1
74 silly currentTree +-- expand-brackets@0.1.5
74 silly currentTree +-- expand-range@1.8.2
74 silly currentTree +-- express-session@1.11.3
74 silly currentTree | +-- base64-url@1.2.1
74 silly currentTree | +-- debug@2.2.0
74 silly currentTree | +-- ms@0.7.1
74 silly currentTree | `-- uid-safe@2.0.0
74 silly currentTree +-- extend@3.0.0
74 silly currentTree +-- extglob@0.3.2
74 silly currentTree +-- extsprintf@1.0.2
74 silly currentTree +-- fancy-log@1.3.0
74 silly currentTree +-- fast-levenshtein@2.0.6
74 silly currentTree +-- fb-watchman@1.9.0
74 silly currentTree +-- fbjs-scripts@0.7.1
74 silly currentTree | +-- babel-preset-fbjs@1.0.0
74 silly currentTree | `-- core-js@1.2.7
74 silly currentTree +-- fbjs@0.8.8
74 silly currentTree | `-- core-js@1.2.7
74 silly currentTree +-- figures@1.7.0
74 silly currentTree +-- filename-regex@2.0.0
74 silly currentTree +-- fileset@2.0.3
74 silly currentTree | `-- glob@7.1.1
74 silly currentTree +-- fill-range@2.2.3
74 silly currentTree +-- finalhandler@0.4.0
74 silly currentTree | +-- debug@2.2.0
74 silly currentTree | +-- escape-html@1.0.2
74 silly currentTree | `-- ms@0.7.1
74 silly currentTree +-- find-up@1.1.2
74 silly currentTree +-- for-in@0.1.6
74 silly currentTree +-- for-own@0.1.4
74 silly currentTree +-- forever-agent@0.6.1
74 silly currentTree +-- form-data@2.1.2
74 silly currentTree | `-- mime-types@2.1.14
74 silly currentTree +-- fresh@0.3.0
74 silly currentTree +-- fs-extra@0.26.7
74 silly currentTree +-- fs.realpath@1.0.0
74 silly currentTree +-- gauge@1.2.7
74 silly currentTree +-- generate-function@2.0.0
74 silly currentTree +-- generate-object-property@1.2.0
74 silly currentTree +-- get-caller-file@1.0.2
74 silly currentTree +-- getpass@0.1.6
74 silly currentTree | `-- assert-plus@1.0.0
74 silly currentTree +-- glob-base@0.3.0
74 silly currentTree +-- glob-parent@2.0.0
74 silly currentTree +-- glob@5.0.15
74 silly currentTree +-- global@4.3.1
74 silly currentTree +-- globals@9.14.0
74 silly currentTree +-- glogg@1.0.0
74 silly currentTree +-- graceful-fs@4.1.11
74 silly currentTree +-- graceful-readlink@1.0.1
74 silly currentTree +-- growly@1.3.0
74 silly currentTree +-- gulp-util@3.0.8
74 silly currentTree | `-- object-assign@3.0.0
74 silly currentTree +-- gulplog@1.0.0
74 silly currentTree +-- handlebars@4.0.6
74 silly currentTree | +-- async@1.5.2
74 silly currentTree | `-- source-map@0.4.4
74 silly currentTree +-- har-validator@2.0.6
74 silly currentTree +-- has-ansi@2.0.0
74 silly currentTree +-- has-flag@1.0.0
74 silly currentTree +-- has-gulplog@0.1.0
74 silly currentTree +-- has-unicode@2.0.1
74 silly currentTree +-- hawk@3.1.3
74 silly currentTree +-- hoek@2.16.3
74 silly currentTree +-- home-or-tmp@2.0.0
74 silly currentTree +-- hosted-git-info@2.1.5
74 silly currentTree +-- html-encoding-sniffer@1.0.1
74 silly currentTree +-- http-errors@1.3.1
74 silly currentTree +-- http-signature@1.1.1
74 silly currentTree +-- iconv-lite@0.4.11
74 silly currentTree +-- image-size@0.3.5
74 silly currentTree +-- immutable@3.7.6
74 silly currentTree +-- imurmurhash@0.1.4
74 silly currentTree +-- inflight@1.0.6
74 silly currentTree +-- inherits@2.0.3
74 silly currentTree +-- inquirer@0.12.0
74 silly currentTree +-- invariant@2.2.2
74 silly currentTree +-- invert-kv@1.0.0
74 silly currentTree +-- is-arrayish@0.2.1
74 silly currentTree +-- is-buffer@1.1.4
74 silly currentTree +-- is-builtin-module@1.0.0
74 silly currentTree +-- is-ci@1.0.10
74 silly currentTree +-- is-dotfile@1.0.2
74 silly currentTree +-- is-equal-shallow@0.1.3
74 silly currentTree +-- is-extendable@0.1.1
74 silly currentTree +-- is-extglob@1.0.0
74 silly currentTree +-- is-finite@1.0.2
74 silly currentTree +-- is-fullwidth-code-point@1.0.0
74 silly currentTree +-- is-glob@2.0.1
74 silly currentTree +-- is-my-json-valid@2.15.0
74 silly currentTree +-- is-number@2.1.0
74 silly currentTree +-- is-posix-bracket@0.1.1
74 silly currentTree +-- is-primitive@2.0.0
74 silly currentTree +-- is-property@1.0.2
74 silly currentTree +-- is-stream@1.1.0
74 silly currentTree +-- is-typedarray@1.0.0
74 silly currentTree +-- is-utf8@0.2.1
74 silly currentTree +-- isarray@0.0.1
74 silly currentTree +-- isemail@1.2.0
74 silly currentTree +-- isexe@1.1.2
74 silly currentTree +-- isobject@2.1.0
74 silly currentTree | `-- isarray@1.0.0
74 silly currentTree +-- isomorphic-fetch@2.2.1
74 silly currentTree +-- isstream@0.1.2
74 silly currentTree +-- istanbul-api@1.1.1
74 silly currentTree +-- istanbul-lib-coverage@1.0.0
74 silly currentTree +-- istanbul-lib-hook@1.0.0
74 silly currentTree +-- istanbul-lib-instrument@1.4.2
74 silly currentTree +-- istanbul-lib-report@1.0.0-alpha.3
74 silly currentTree | +-- async@1.5.2
74 silly currentTree | `-- supports-color@3.2.3
74 silly currentTree +-- istanbul-lib-source-maps@1.1.0
74 silly currentTree +-- istanbul-reports@1.0.0
74 silly currentTree +-- jest-changed-files@17.0.2
74 silly currentTree +-- jest-config@18.1.0
74 silly currentTree +-- jest-diff@18.1.0
74 silly currentTree +-- jest-environment-jsdom@18.1.0
74 silly currentTree +-- jest-environment-node@18.1.0
74 silly currentTree +-- jest-file-exists@17.0.0
74 silly currentTree +-- jest-haste-map@17.0.3
74 silly currentTree +-- jest-jasmine2@18.1.0
74 silly currentTree +-- jest-matcher-utils@18.1.0
74 silly currentTree +-- jest-matchers@18.1.0
74 silly currentTree +-- jest-mock@18.0.0
74 silly currentTree +-- jest-resolve-dependencies@18.1.0
74 silly currentTree +-- jest-resolve@18.1.0
74 silly currentTree | `-- jest-haste-map@18.1.0
74 silly currentTree +-- jest-runtime@18.1.0
74 silly currentTree | `-- jest-haste-map@18.1.0
74 silly currentTree +-- jest-snapshot@18.1.0
74 silly currentTree +-- jest-util@18.1.0
74 silly currentTree +-- jest@18.1.0
74 silly currentTree | +-- jest-cli@18.1.0
74 silly currentTree | `-- jest-haste-map@18.1.0
74 silly currentTree +-- jodid25519@1.0.2
74 silly currentTree +-- joi@6.10.1
74 silly currentTree +-- js-tokens@2.0.0
74 silly currentTree +-- js-yaml@3.7.0
74 silly currentTree +-- jsbn@0.1.0
74 silly currentTree +-- jsdom@9.9.1
74 silly currentTree | `-- iconv-lite@0.4.15
74 silly currentTree +-- jsesc@1.3.0
74 silly currentTree +-- json-schema@0.2.3
74 silly currentTree +-- json-stable-stringify@1.0.1
74 silly currentTree +-- json-stringify-safe@5.0.1
74 silly currentTree +-- json5@0.4.0
74 silly currentTree +-- jsonfile@2.4.0
74 silly currentTree +-- jsonify@0.0.0
74 silly currentTree +-- jsonpointer@4.0.1
74 silly currentTree +-- jsprim@1.3.1
74 silly currentTree +-- kind-of@3.1.0
74 silly currentTree +-- klaw@1.3.1
74 silly currentTree +-- lazy-cache@1.0.4
74 silly currentTree +-- lcid@1.0.0
74 silly currentTree +-- left-pad@1.1.3
74 silly currentTree +-- levn@0.3.0
74 silly currentTree +-- load-json-file@1.1.0
74 silly currentTree +-- lodash._arraycopy@3.0.0
74 silly currentTree +-- lodash._arrayeach@3.0.0
74 silly currentTree +-- lodash._baseassign@3.2.0
74 silly currentTree +-- lodash._baseclone@3.3.0
74 silly currentTree +-- lodash._basecopy@3.0.1
74 silly currentTree +-- lodash._basefor@3.0.3
74 silly currentTree +-- lodash._basetostring@3.0.1
74 silly currentTree +-- lodash._basevalues@3.0.0
74 silly currentTree +-- lodash._bindcallback@3.0.1
74 silly currentTree +-- lodash._getnative@3.9.1
74 silly currentTree +-- lodash._isiterateecall@3.0.9
74 silly currentTree +-- lodash._reescape@3.0.0
74 silly currentTree +-- lodash._reevaluate@3.0.0
74 silly currentTree +-- lodash._reinterpolate@3.0.0
74 silly currentTree +-- lodash._root@3.0.1
74 silly currentTree +-- lodash.assign@4.2.0
74 silly currentTree +-- lodash.clonedeep@3.0.2
74 silly currentTree +-- lodash.escape@3.2.0
74 silly currentTree +-- lodash.isarguments@3.1.0
74 silly currentTree +-- lodash.isarray@3.0.4
74 silly currentTree +-- lodash.keys@3.1.2
74 silly currentTree +-- lodash.pad@4.5.1
74 silly currentTree +-- lodash.padend@4.6.1
74 silly currentTree +-- lodash.padstart@4.6.1
74 silly currentTree +-- lodash.restparam@3.6.1
74 silly currentTree +-- lodash.template@3.6.2
74 silly currentTree +-- lodash.templatesettings@3.1.1
74 silly currentTree +-- lodash@4.17.4
74 silly currentTree +-- longest@1.0.1
74 silly currentTree +-- loose-envify@1.3.1
74 silly currentTree | `-- js-tokens@3.0.0
74 silly currentTree +-- lru-cache@4.0.2
74 silly currentTree +-- makeerror@1.0.11
74 silly currentTree +-- marked-terminal@1.7.0
74 silly currentTree +-- marked@0.3.6
74 silly currentTree +-- media-typer@0.3.0
74 silly currentTree +-- merge@1.2.0
74 silly currentTree +-- method-override@2.3.7
74 silly currentTree | +-- debug@2.3.3
74 silly currentTree | `-- vary@1.1.0
74 silly currentTree +-- methods@1.1.2
74 silly currentTree +-- micromatch@2.3.11
74 silly currentTree +-- mime-db@1.26.0
74 silly currentTree +-- mime-types@2.1.11
74 silly currentTree | `-- mime-db@1.23.0
74 silly currentTree +-- mime@1.3.4
74 silly currentTree +-- min-document@2.19.0
74 silly currentTree +-- minimatch@3.0.3
74 silly currentTree +-- minimist@1.2.0
74 silly currentTree +-- mkdirp@0.5.1
74 silly currentTree | `-- minimist@0.0.8
74 silly currentTree +-- moment@2.17.1
74 silly currentTree +-- morgan@1.6.1
74 silly currentTree | +-- debug@2.2.0
74 silly currentTree | `-- ms@0.7.1
74 silly currentTree +-- ms@0.7.2
74 silly currentTree +-- multimatch@2.1.0
74 silly currentTree +-- multiparty@3.3.2
74 silly currentTree +-- multipipe@0.1.2
74 silly currentTree +-- mute-stream@0.0.5
74 silly currentTree +-- natural-compare@1.4.0
74 silly currentTree +-- negotiator@0.5.3
74 silly currentTree +-- node-emoji@1.5.1
74 silly currentTree +-- node-fetch@1.6.3
74 silly currentTree +-- node-int64@0.4.0
74 silly currentTree +-- node-notifier@4.6.1
74 silly currentTree +-- normalize-package-data@2.3.5
74 silly currentTree +-- normalize-path@2.0.1
74 silly currentTree +-- npmlog@2.0.4
74 silly currentTree +-- number-is-nan@1.0.1
74 silly currentTree +-- nwmatcher@1.3.9
74 silly currentTree +-- oauth-sign@0.8.2
74 silly currentTree +-- object-assign@4.1.1
74 silly currentTree +-- object.omit@2.0.1
74 silly currentTree +-- on-finished@2.3.0
74 silly currentTree +-- on-headers@1.0.1
74 silly currentTree +-- once@1.4.0
74 silly currentTree +-- onetime@1.1.0
74 silly currentTree +-- opn@3.0.3
74 silly currentTree +-- optimist@0.6.1
74 silly currentTree | +-- minimist@0.0.10
74 silly currentTree | `-- wordwrap@0.0.3
74 silly currentTree +-- optionator@0.8.2
74 silly currentTree +-- options@0.0.6
74 silly currentTree +-- os-homedir@1.0.2
74 silly currentTree +-- os-locale@1.4.0
74 silly currentTree +-- os-tmpdir@1.0.2
74 silly currentTree +-- parse-glob@3.0.4
74 silly currentTree +-- parse-json@2.2.0
74 silly currentTree +-- parse5@1.5.1
74 silly currentTree +-- parseurl@1.3.1
74 silly currentTree +-- path-exists@2.1.0
74 silly currentTree +-- path-is-absolute@1.0.1
74 silly currentTree +-- path-parse@1.0.5
74 silly currentTree +-- path-type@1.1.0
74 silly currentTree +-- pause@0.1.0
74 silly currentTree +-- pegjs@0.9.0
74 silly currentTree +-- pify@2.3.0
74 silly currentTree +-- pinkie-promise@2.0.1
74 silly currentTree +-- pinkie@2.0.4
74 silly currentTree +-- plist@1.2.0
74 silly currentTree | `-- base64-js@0.0.8
74 silly currentTree +-- prelude-ls@1.1.2
74 silly currentTree +-- preserve@0.2.0
74 silly currentTree +-- pretty-format@18.1.0
74 silly currentTree +-- private@0.1.6
74 silly currentTree +-- process-nextick-args@1.0.7
74 silly currentTree +-- process@0.5.2
74 silly currentTree +-- progress@1.1.8
74 silly currentTree +-- promise@7.1.1
74 silly currentTree +-- prr@0.0.0
74 silly currentTree +-- pseudomap@1.0.2
74 silly currentTree +-- punycode@1.4.1
74 silly currentTree +-- qs@4.0.0
74 silly currentTree +-- random-bytes@1.0.0
74 silly currentTree +-- randomatic@1.1.6
74 silly currentTree +-- range-parser@1.0.3
74 silly currentTree +-- raw-body@2.1.7
74 silly currentTree | +-- bytes@2.4.0
74 silly currentTree | `-- iconv-lite@0.4.13
74 silly currentTree +-- react-clone-referenced-element@1.0.1
74 silly currentTree +-- react-deep-force-update@1.0.1
74 silly currentTree +-- react-native-carousel@0.10.0
74 silly currentTree +-- react-native-looped-carousel@0.1.4
74 silly currentTree +-- react-native-orientation@1.17.0
74 silly currentTree +-- react-native-responsive-image@2.0.1
74 silly currentTree +-- react-native-vector-icons@4.0.0
74 silly currentTree +-- react-native@0.40.0
74 silly currentTree +-- react-proxy@1.1.8
74 silly currentTree +-- react-test-renderer@15.4.2
74 silly currentTree +-- react-timer-mixin@0.13.3
74 silly currentTree +-- react-transform-hmr@1.0.4
74 silly currentTree +-- react@15.4.2
74 silly currentTree +-- read-pkg-up@1.0.1
74 silly currentTree +-- read-pkg@1.1.0
74 silly currentTree +-- readable-stream@1.1.14
74 silly currentTree +-- readline2@1.0.1
74 silly currentTree +-- rebound@0.0.13
74 silly currentTree +-- redeyed@1.0.1
74 silly currentTree | `-- esprima@3.0.0
74 silly currentTree +-- regenerate@1.3.2
74 silly currentTree +-- regenerator-runtime@0.9.6
74 silly currentTree +-- regenerator-transform@0.9.8
74 silly currentTree +-- regex-cache@0.4.3
74 silly currentTree +-- regexpu-core@2.0.0
74 silly currentTree +-- regjsgen@0.2.0
74 silly currentTree +-- regjsparser@0.1.5
74 silly currentTree | `-- jsesc@0.5.0
74 silly currentTree +-- repeat-element@1.1.2
74 silly currentTree +-- repeat-string@1.6.1
74 silly currentTree +-- repeating@2.0.1
74 silly currentTree +-- replace-ext@0.0.1
74 silly currentTree +-- request@2.79.0
74 silly currentTree | `-- qs@6.3.0
74 silly currentTree +-- require-directory@2.1.1
74 silly currentTree +-- require-main-filename@1.0.1
74 silly currentTree +-- resolve@1.2.0
74 silly currentTree +-- response-time@2.3.2
74 silly currentTree | `-- depd@1.1.0
74 silly currentTree +-- restore-cursor@1.0.1
74 silly currentTree +-- right-align@0.1.3
74 silly currentTree +-- rimraf@2.5.4
74 silly currentTree | `-- glob@7.1.1
74 silly currentTree +-- rndm@1.2.0
74 silly currentTree +-- run-async@0.1.0
74 silly currentTree +-- rx-lite@3.1.2
74 silly currentTree +-- sane@1.4.1
74 silly currentTree +-- sax@1.1.6
74 silly currentTree +-- semver@5.3.0
74 silly currentTree +-- send@0.13.2
74 silly currentTree | +-- debug@2.2.0
74 silly currentTree | +-- depd@1.1.0
74 silly currentTree | +-- ms@0.7.1
74 silly currentTree | `-- statuses@1.2.1
74 silly currentTree +-- serve-favicon@2.3.2
74 silly currentTree +-- serve-index@1.7.3
74 silly currentTree | +-- debug@2.2.0
74 silly currentTree | `-- ms@0.7.1
74 silly currentTree +-- serve-static@1.10.3
74 silly currentTree +-- set-blocking@2.0.0
74 silly currentTree +-- setimmediate@1.0.5
74 silly currentTree +-- shell-quote@1.6.1
74 silly currentTree +-- shellwords@0.1.0
74 silly currentTree +-- simple-plist@0.1.4
74 silly currentTree +-- slash@1.0.0
74 silly currentTree +-- slide@1.1.6
74 silly currentTree +-- sntp@1.0.9
74 silly currentTree +-- source-map-support@0.4.9
74 silly currentTree +-- source-map@0.5.6
74 silly currentTree +-- sparkles@1.0.0
74 silly currentTree +-- spdx-correct@1.0.2
74 silly currentTree +-- spdx-expression-parse@1.0.4
74 silly currentTree +-- spdx-license-ids@1.2.2
74 silly currentTree +-- sprintf-js@1.0.3
74 silly currentTree +-- sshpk@1.10.2
74 silly currentTree | `-- assert-plus@1.0.0
74 silly currentTree +-- stacktrace-parser@0.1.4
74 silly currentTree +-- statuses@1.3.1
74 silly currentTree +-- stream-buffers@0.2.6
74 silly currentTree +-- stream-counter@0.2.0
74 silly currentTree +-- string_decoder@0.10.31
74 silly currentTree +-- string-width@1.0.2
74 silly currentTree +-- string.prototype.codepointat@0.2.0
74 silly currentTree +-- stringstream@0.0.5
74 silly currentTree +-- strip-ansi@3.0.1
74 silly currentTree +-- strip-bom@2.0.0
74 silly currentTree +-- supports-color@2.0.0
74 silly currentTree +-- symbol-tree@3.2.1
74 silly currentTree +-- temp@0.8.3
74 silly currentTree | `-- rimraf@2.2.8
74 silly currentTree +-- test-exclude@3.3.0
74 silly currentTree +-- throat@3.0.0
74 silly currentTree +-- through@2.3.8
74 silly currentTree +-- through2@2.0.3
74 silly currentTree | +-- isarray@1.0.0
74 silly currentTree | `-- readable-stream@2.2.2
74 silly currentTree +-- time-stamp@1.0.1
74 silly currentTree +-- tmpl@1.0.4
74 silly currentTree +-- to-fast-properties@1.0.2
74 silly currentTree +-- topo@1.1.0
74 silly currentTree +-- tough-cookie@2.3.2
74 silly currentTree +-- tr46@0.0.3
74 silly currentTree +-- tsscmp@1.0.5
74 silly currentTree +-- tunnel-agent@0.4.3
74 silly currentTree +-- tweetnacl@0.14.5
74 silly currentTree +-- type-check@0.3.2
74 silly currentTree +-- type-is@1.6.14
74 silly currentTree | `-- mime-types@2.1.14
74 silly currentTree +-- ua-parser-js@0.7.12
74 silly currentTree +-- uglify-js@2.7.5
74 silly currentTree | +-- async@0.2.10
74 silly currentTree | `-- yargs@3.10.0
74 silly currentTree +-- uglify-to-browserify@1.0.2
74 silly currentTree +-- uid-safe@2.1.3
74 silly currentTree +-- ultron@1.0.2
74 silly currentTree +-- unpipe@1.0.0
74 silly currentTree +-- util-deprecate@1.0.2
74 silly currentTree +-- utils-merge@1.0.0
74 silly currentTree +-- uuid@3.0.1
74 silly currentTree +-- validate-npm-package-license@3.0.1
74 silly currentTree +-- vary@1.0.1
74 silly currentTree +-- verror@1.3.6
74 silly currentTree +-- vhost@3.0.2
74 silly currentTree +-- vinyl@0.5.3
74 silly currentTree +-- walker@1.0.7
74 silly currentTree +-- watch@0.10.0
74 silly currentTree +-- webidl-conversions@3.0.1
74 silly currentTree +-- whatwg-encoding@1.0.1
74 silly currentTree | `-- iconv-lite@0.4.13
74 silly currentTree +-- whatwg-fetch@1.1.1
74 silly currentTree +-- whatwg-url@4.3.0
74 silly currentTree +-- which-module@1.0.0
74 silly currentTree +-- which@1.2.12
74 silly currentTree +-- window-size@0.1.0
74 silly currentTree +-- wordwrap@1.0.0
74 silly currentTree +-- worker-farm@1.3.1
74 silly currentTree +-- wrap-ansi@2.1.0
74 silly currentTree +-- wrappy@1.0.2
74 silly currentTree +-- write-file-atomic@1.3.1
74 silly currentTree +-- ws@1.1.1
74 silly currentTree +-- xcode@0.8.9
74 silly currentTree | `-- node-uuid@1.4.7
74 silly currentTree +-- xml-name-validator@2.0.1
74 silly currentTree +-- xmlbuilder@4.0.0
74 silly currentTree | `-- lodash@3.10.1
74 silly currentTree +-- xmldoc@0.4.0
74 silly currentTree +-- xmldom@0.1.27
74 silly currentTree +-- xtend@4.0.1
74 silly currentTree +-- y18n@3.2.1
74 silly currentTree +-- yallist@2.0.0
74 silly currentTree +-- yargs-parser@4.2.1
74 silly currentTree | `-- camelcase@3.0.0
74 silly currentTree `-- yargs@6.6.0
74 silly currentTree   +-- camelcase@3.0.0
74 silly currentTree   `-- cliui@3.2.0
75 silly idealTree project@0.0.1
75 silly idealTree +-- abab@1.0.3
75 silly idealTree +-- absolute-path@0.0.0
75 silly idealTree +-- accepts@1.2.13
75 silly idealTree +-- acorn-globals@1.0.9
75 silly idealTree +-- acorn@2.7.0
75 silly idealTree +-- align-text@0.1.4
75 silly idealTree +-- amdefine@1.0.1
75 silly idealTree +-- ansi-escapes@1.4.0
75 silly idealTree +-- ansi-regex@2.1.1
75 silly idealTree +-- ansi-styles@2.2.1
75 silly idealTree +-- ansi@0.3.1
75 silly idealTree +-- ansicolors@0.2.1
75 silly idealTree +-- append-transform@0.4.0
75 silly idealTree +-- are-we-there-yet@1.1.2
75 silly idealTree +-- argparse@1.0.9
75 silly idealTree +-- arr-diff@2.0.0
75 silly idealTree +-- arr-flatten@1.0.1
75 silly idealTree +-- array-differ@1.0.0
75 silly idealTree +-- array-equal@1.0.0
75 silly idealTree +-- array-filter@0.0.1
75 silly idealTree +-- array-map@0.0.0
75 silly idealTree +-- array-reduce@0.0.0
75 silly idealTree +-- array-union@1.0.2
75 silly idealTree +-- array-uniq@1.0.3
75 silly idealTree +-- array-unique@0.2.1
75 silly idealTree +-- arrify@1.0.1
75 silly idealTree +-- art@0.10.1
75 silly idealTree +-- asap@2.0.5
75 silly idealTree +-- asn1@0.2.3
75 silly idealTree +-- assert-plus@0.2.0
75 silly idealTree +-- async@2.1.4
75 silly idealTree +-- asynckit@0.4.0
75 silly idealTree +-- aws-sign2@0.6.0
75 silly idealTree +-- aws4@1.5.0
75 silly idealTree +-- babel-code-frame@6.20.0
75 silly idealTree +-- babel-core@6.21.0
75 silly idealTree | `-- json5@0.5.1
75 silly idealTree +-- babel-generator@6.21.0
75 silly idealTree +-- babel-helper-builder-react-jsx@6.21.1
75 silly idealTree +-- babel-helper-call-delegate@6.18.0
75 silly idealTree +-- babel-helper-define-map@6.18.0
75 silly idealTree +-- babel-helper-function-name@6.18.0
75 silly idealTree +-- babel-helper-get-function-arity@6.18.0
75 silly idealTree +-- babel-helper-hoist-variables@6.18.0
75 silly idealTree +-- babel-helper-optimise-call-expression@6.18.0
75 silly idealTree +-- babel-helper-regex@6.18.0
75 silly idealTree +-- babel-helper-replace-supers@6.18.0
75 silly idealTree +-- babel-helpers@6.16.0
75 silly idealTree +-- babel-jest@18.0.0
75 silly idealTree +-- babel-messages@6.8.0
75 silly idealTree +-- babel-plugin-check-es2015-constants@6.8.0
75 silly idealTree +-- babel-plugin-external-helpers@6.18.0
75 silly idealTree +-- babel-plugin-istanbul@3.1.2
75 silly idealTree +-- babel-plugin-jest-hoist@18.0.0
75 silly idealTree +-- babel-plugin-react-transform@2.0.2
75 silly idealTree +-- babel-plugin-syntax-async-functions@6.13.0
75 silly idealTree +-- babel-plugin-syntax-class-properties@6.13.0
75 silly idealTree +-- babel-plugin-syntax-flow@6.18.0
75 silly idealTree +-- babel-plugin-syntax-jsx@6.18.0
75 silly idealTree +-- babel-plugin-syntax-object-rest-spread@6.13.0
75 silly idealTree +-- babel-plugin-syntax-trailing-function-commas@6.20.0
75 silly idealTree +-- babel-plugin-transform-class-properties@6.19.0
75 silly idealTree +-- babel-plugin-transform-es2015-arrow-functions@6.8.0
75 silly idealTree +-- babel-plugin-transform-es2015-block-scoped-functions@6.8.0
75 silly idealTree +-- babel-plugin-transform-es2015-block-scoping@6.21.0
75 silly idealTree +-- babel-plugin-transform-es2015-classes@6.18.0
75 silly idealTree +-- babel-plugin-transform-es2015-computed-properties@6.8.0
75 silly idealTree +-- babel-plugin-transform-es2015-destructuring@6.19.0
75 silly idealTree +-- babel-plugin-transform-es2015-for-of@6.18.0
75 silly idealTree +-- babel-plugin-transform-es2015-function-name@6.9.0
75 silly idealTree +-- babel-plugin-transform-es2015-literals@6.8.0
75 silly idealTree +-- babel-plugin-transform-es2015-modules-commonjs@6.18.0
75 silly idealTree +-- babel-plugin-transform-es2015-object-super@6.8.0
75 silly idealTree +-- babel-plugin-transform-es2015-parameters@6.21.0
75 silly idealTree +-- babel-plugin-transform-es2015-shorthand-properties@6.18.0
75 silly idealTree +-- babel-plugin-transform-es2015-spread@6.8.0
75 silly idealTree +-- babel-plugin-transform-es2015-sticky-regex@6.8.0
75 silly idealTree +-- babel-plugin-transform-es2015-template-literals@6.8.0
75 silly idealTree +-- babel-plugin-transform-es2015-unicode-regex@6.11.0
75 silly idealTree +-- babel-plugin-transform-es3-member-expression-literals@6.8.0
75 silly idealTree +-- babel-plugin-transform-es3-property-literals@6.8.0
75 silly idealTree +-- babel-plugin-transform-flow-strip-types@6.21.0
75 silly idealTree +-- babel-plugin-transform-object-assign@6.8.0
75 silly idealTree +-- babel-plugin-transform-object-rest-spread@6.20.2
75 silly idealTree +-- babel-plugin-transform-react-display-name@6.8.0
75 silly idealTree +-- babel-plugin-transform-react-jsx-source@6.9.0
75 silly idealTree +-- babel-plugin-transform-react-jsx@6.8.0
75 silly idealTree +-- babel-plugin-transform-regenerator@6.21.0
75 silly idealTree +-- babel-plugin-transform-strict-mode@6.18.0
75 silly idealTree +-- babel-polyfill@6.20.0
75 silly idealTree | `-- regenerator-runtime@0.10.1
75 silly idealTree +-- babel-preset-es2015-node@6.1.1
75 silly idealTree +-- babel-preset-fbjs@2.1.0
75 silly idealTree +-- babel-preset-jest@18.0.0
75 silly idealTree +-- babel-preset-react-native@1.9.1
75 silly idealTree +-- babel-register@6.18.0
75 silly idealTree +-- babel-runtime@6.20.0
75 silly idealTree | `-- regenerator-runtime@0.10.1
75 silly idealTree +-- babel-template@6.16.0
75 silly idealTree +-- babel-traverse@6.21.0
75 silly idealTree +-- babel-types@6.21.0
75 silly idealTree +-- babylon@6.15.0
75 silly idealTree +-- balanced-match@0.4.2
75 silly idealTree +-- base64-js@1.2.0
75 silly idealTree +-- base64-url@1.3.3
75 silly idealTree +-- basic-auth-connect@1.0.0
75 silly idealTree +-- basic-auth@1.0.4
75 silly idealTree +-- batch@0.5.3
75 silly idealTree +-- bcrypt-pbkdf@1.0.0
75 silly idealTree +-- beeper@1.1.1
75 silly idealTree +-- body-parser@1.13.3
75 silly idealTree | +-- debug@2.2.0
75 silly idealTree | `-- ms@0.7.1
75 silly idealTree +-- boom@2.10.1
75 silly idealTree +-- bplist-creator@0.0.4
75 silly idealTree +-- bplist-parser@0.0.6
75 silly idealTree +-- brace-expansion@1.1.6
75 silly idealTree +-- braces@1.8.5
75 silly idealTree +-- browser-resolve@1.11.2
75 silly idealTree | `-- resolve@1.1.7
75 silly idealTree +-- bser@1.0.2
75 silly idealTree +-- buffer-shims@1.0.0
75 silly idealTree +-- builtin-modules@1.1.1
75 silly idealTree +-- bytes@2.1.0
75 silly idealTree +-- callsites@2.0.0
75 silly idealTree +-- camelcase@1.2.1
75 silly idealTree +-- cardinal@1.0.0
75 silly idealTree +-- caseless@0.11.0
75 silly idealTree +-- center-align@0.1.3
75 silly idealTree +-- chalk@1.1.3
75 silly idealTree +-- ci-info@1.0.0
75 silly idealTree +-- cli-cursor@1.0.2
75 silly idealTree +-- cli-table@0.3.1
75 silly idealTree +-- cli-usage@0.1.4
75 silly idealTree +-- cli-width@2.1.0
75 silly idealTree +-- cliui@2.1.0
75 silly idealTree | `-- wordwrap@0.0.2
75 silly idealTree +-- clone-stats@0.0.1
75 silly idealTree +-- clone@1.0.2
75 silly idealTree +-- code-point-at@1.1.0
75 silly idealTree +-- colors@1.0.3
75 silly idealTree +-- combined-stream@1.0.5
75 silly idealTree +-- commander@2.9.0
75 silly idealTree +-- compressible@2.0.9
75 silly idealTree +-- compression@1.5.2
75 silly idealTree | +-- debug@2.2.0
75 silly idealTree | `-- ms@0.7.1
75 silly idealTree +-- concat-map@0.0.1
75 silly idealTree +-- connect-timeout@1.6.2
75 silly idealTree | +-- debug@2.2.0
75 silly idealTree | `-- ms@0.7.1
75 silly idealTree +-- connect@2.30.2
75 silly idealTree | +-- debug@2.2.0
75 silly idealTree | `-- ms@0.7.1
75 silly idealTree +-- content-type-parser@1.0.1
75 silly idealTree +-- content-type@1.0.2
75 silly idealTree +-- convert-source-map@1.3.0
75 silly idealTree +-- cookie-parser@1.3.5
75 silly idealTree +-- cookie-signature@1.0.6
75 silly idealTree +-- cookie@0.1.3
75 silly idealTree +-- core-js@2.4.1
75 silly idealTree +-- core-util-is@1.0.2
75 silly idealTree +-- crc@3.3.0
75 silly idealTree +-- cross-spawn@3.0.1
75 silly idealTree +-- cryptiles@2.0.5
75 silly idealTree +-- csrf@3.0.4
75 silly idealTree +-- cssom@0.3.1
75 silly idealTree +-- cssstyle@0.2.37
75 silly idealTree +-- csurf@1.8.3
75 silly idealTree +-- dashdash@1.14.1
75 silly idealTree | `-- assert-plus@1.0.0
75 silly idealTree +-- dateformat@2.0.0
75 silly idealTree +-- debug@2.6.0
75 silly idealTree +-- decamelize@1.2.0
75 silly idealTree +-- deep-is@0.1.3
75 silly idealTree +-- default-require-extensions@1.0.0
75 silly idealTree +-- delayed-stream@1.0.0
75 silly idealTree +-- delegates@1.0.0
75 silly idealTree +-- denodeify@1.2.1
75 silly idealTree +-- depd@1.0.1
75 silly idealTree +-- destroy@1.0.4
75 silly idealTree +-- detect-indent@4.0.0
75 silly idealTree +-- diff@3.2.0
75 silly idealTree +-- dom-walk@0.1.1
75 silly idealTree +-- duplexer2@0.0.2
75 silly idealTree +-- ecc-jsbn@0.1.1
75 silly idealTree +-- ee-first@1.1.1
75 silly idealTree +-- encoding@0.1.12
75 silly idealTree | `-- iconv-lite@0.4.15
75 silly idealTree +-- errno@0.1.4
75 silly idealTree +-- error-ex@1.3.0
75 silly idealTree +-- errorhandler@1.4.3
75 silly idealTree | +-- accepts@1.3.3
75 silly idealTree | `-- negotiator@0.6.1
75 silly idealTree +-- escape-html@1.0.3
75 silly idealTree +-- escape-string-regexp@1.0.5
75 silly idealTree +-- escodegen@1.8.1
75 silly idealTree | `-- source-map@0.2.0
75 silly idealTree +-- esprima@2.7.3
75 silly idealTree +-- estraverse@1.9.3
75 silly idealTree +-- esutils@2.0.2
75 silly idealTree +-- etag@1.7.0
75 silly idealTree +-- event-target-shim@1.1.1
75 silly idealTree +-- exec-sh@0.2.0
75 silly idealTree +-- exit-hook@1.1.1
75 silly idealTree +-- expand-brackets@0.1.5
75 silly idealTree +-- expand-range@1.8.2
75 silly idealTree +-- express-session@1.11.3
75 silly idealTree | +-- base64-url@1.2.1
75 silly idealTree | +-- debug@2.2.0
75 silly idealTree | +-- ms@0.7.1
75 silly idealTree | `-- uid-safe@2.0.0
75 silly idealTree +-- extend@3.0.0
75 silly idealTree +-- extglob@0.3.2
75 silly idealTree +-- extsprintf@1.0.2
75 silly idealTree +-- fancy-log@1.3.0
75 silly idealTree +-- fast-levenshtein@2.0.6
75 silly idealTree +-- fb-watchman@1.9.0
75 silly idealTree +-- fbjs-scripts@0.7.1
75 silly idealTree | +-- babel-preset-fbjs@1.0.0
75 silly idealTree | `-- core-js@1.2.7
75 silly idealTree +-- fbjs@0.8.8
75 silly idealTree | `-- core-js@1.2.7
75 silly idealTree +-- figures@1.7.0
75 silly idealTree +-- filename-regex@2.0.0
75 silly idealTree +-- fileset@2.0.3
75 silly idealTree | `-- glob@7.1.1
75 silly idealTree +-- fill-range@2.2.3
75 silly idealTree +-- finalhandler@0.4.0
75 silly idealTree | +-- debug@2.2.0
75 silly idealTree | +-- escape-html@1.0.2
75 silly idealTree | `-- ms@0.7.1
75 silly idealTree +-- find-up@1.1.2
75 silly idealTree +-- for-in@0.1.6
75 silly idealTree +-- for-own@0.1.4
75 silly idealTree +-- forever-agent@0.6.1
75 silly idealTree +-- form-data@2.1.2
75 silly idealTree | `-- mime-types@2.1.14
75 silly idealTree +-- fresh@0.3.0
75 silly idealTree +-- fs-extra@0.26.7
75 silly idealTree +-- fs.realpath@1.0.0
75 silly idealTree +-- gauge@1.2.7
75 silly idealTree +-- generate-function@2.0.0
75 silly idealTree +-- generate-object-property@1.2.0
75 silly idealTree +-- get-caller-file@1.0.2
75 silly idealTree +-- getpass@0.1.6
75 silly idealTree | `-- assert-plus@1.0.0
75 silly idealTree +-- glob-base@0.3.0
75 silly idealTree +-- glob-parent@2.0.0
75 silly idealTree +-- glob@5.0.15
75 silly idealTree +-- global@4.3.1
75 silly idealTree +-- globals@9.14.0
75 silly idealTree +-- glogg@1.0.0
75 silly idealTree +-- graceful-fs@4.1.11
75 silly idealTree +-- graceful-readlink@1.0.1
75 silly idealTree +-- growly@1.3.0
75 silly idealTree +-- gulp-util@3.0.8
75 silly idealTree | `-- object-assign@3.0.0
75 silly idealTree +-- gulplog@1.0.0
75 silly idealTree +-- handlebars@4.0.6
75 silly idealTree | +-- async@1.5.2
75 silly idealTree | `-- source-map@0.4.4
75 silly idealTree +-- har-validator@2.0.6
75 silly idealTree +-- has-ansi@2.0.0
75 silly idealTree +-- has-flag@1.0.0
75 silly idealTree +-- has-gulplog@0.1.0
75 silly idealTree +-- has-unicode@2.0.1
75 silly idealTree +-- hawk@3.1.3
75 silly idealTree +-- hoek@2.16.3
75 silly idealTree +-- home-or-tmp@2.0.0
75 silly idealTree +-- hosted-git-info@2.1.5
75 silly idealTree +-- html-encoding-sniffer@1.0.1
75 silly idealTree +-- http-errors@1.3.1
75 silly idealTree +-- http-signature@1.1.1
75 silly idealTree +-- iconv-lite@0.4.11
75 silly idealTree +-- image-size@0.3.5
75 silly idealTree +-- immutable@3.7.6
75 silly idealTree +-- imurmurhash@0.1.4
75 silly idealTree +-- inflight@1.0.6
75 silly idealTree +-- inherits@2.0.3
75 silly idealTree +-- inquirer@0.12.0
75 silly idealTree +-- invariant@2.2.2
75 silly idealTree +-- invert-kv@1.0.0
75 silly idealTree +-- is-arrayish@0.2.1
75 silly idealTree +-- is-buffer@1.1.4
75 silly idealTree +-- is-builtin-module@1.0.0
75 silly idealTree +-- is-ci@1.0.10
75 silly idealTree +-- is-dotfile@1.0.2
75 silly idealTree +-- is-equal-shallow@0.1.3
75 silly idealTree +-- is-extendable@0.1.1
75 silly idealTree +-- is-extglob@1.0.0
75 silly idealTree +-- is-finite@1.0.2
75 silly idealTree +-- is-fullwidth-code-point@1.0.0
75 silly idealTree +-- is-glob@2.0.1
75 silly idealTree +-- is-my-json-valid@2.15.0
75 silly idealTree +-- is-number@2.1.0
75 silly idealTree +-- is-posix-bracket@0.1.1
75 silly idealTree +-- is-primitive@2.0.0
75 silly idealTree +-- is-property@1.0.2
75 silly idealTree +-- is-stream@1.1.0
75 silly idealTree +-- is-typedarray@1.0.0
75 silly idealTree +-- is-utf8@0.2.1
75 silly idealTree +-- isarray@0.0.1
75 silly idealTree +-- isemail@1.2.0
75 silly idealTree +-- isexe@1.1.2
75 silly idealTree +-- isobject@2.1.0
75 silly idealTree | `-- isarray@1.0.0
75 silly idealTree +-- isomorphic-fetch@2.2.1
75 silly idealTree +-- isstream@0.1.2
75 silly idealTree +-- istanbul-api@1.1.1
75 silly idealTree +-- istanbul-lib-coverage@1.0.0
75 silly idealTree +-- istanbul-lib-hook@1.0.0
75 silly idealTree +-- istanbul-lib-instrument@1.4.2
75 silly idealTree +-- istanbul-lib-report@1.0.0-alpha.3
75 silly idealTree | +-- async@1.5.2
75 silly idealTree | `-- supports-color@3.2.3
75 silly idealTree +-- istanbul-lib-source-maps@1.1.0
75 silly idealTree +-- istanbul-reports@1.0.0
75 silly idealTree +-- jest-changed-files@17.0.2
75 silly idealTree +-- jest-config@18.1.0
75 silly idealTree +-- jest-diff@18.1.0
75 silly idealTree +-- jest-environment-jsdom@18.1.0
75 silly idealTree +-- jest-environment-node@18.1.0
75 silly idealTree +-- jest-file-exists@17.0.0
75 silly idealTree +-- jest-haste-map@17.0.3
75 silly idealTree +-- jest-jasmine2@18.1.0
75 silly idealTree +-- jest-matcher-utils@18.1.0
75 silly idealTree +-- jest-matchers@18.1.0
75 silly idealTree +-- jest-mock@18.0.0
75 silly idealTree +-- jest-resolve-dependencies@18.1.0
75 silly idealTree +-- jest-resolve@18.1.0
75 silly idealTree | `-- jest-haste-map@18.1.0
75 silly idealTree +-- jest-runtime@18.1.0
75 silly idealTree | `-- jest-haste-map@18.1.0
75 silly idealTree +-- jest-snapshot@18.1.0
75 silly idealTree +-- jest-util@18.1.0
75 silly idealTree +-- jest@18.1.0
75 silly idealTree | +-- jest-cli@18.1.0
75 silly idealTree | `-- jest-haste-map@18.1.0
75 silly idealTree +-- jodid25519@1.0.2
75 silly idealTree +-- joi@6.10.1
75 silly idealTree +-- js-tokens@2.0.0
75 silly idealTree +-- js-yaml@3.7.0
75 silly idealTree +-- jsbn@0.1.0
75 silly idealTree +-- jsdom@9.9.1
75 silly idealTree | `-- iconv-lite@0.4.15
75 silly idealTree +-- jsesc@1.3.0
75 silly idealTree +-- json-schema@0.2.3
75 silly idealTree +-- json-stable-stringify@1.0.1
75 silly idealTree +-- json-stringify-safe@5.0.1
75 silly idealTree +-- json5@0.4.0
75 silly idealTree +-- jsonfile@2.4.0
75 silly idealTree +-- jsonify@0.0.0
75 silly idealTree +-- jsonpointer@4.0.1
75 silly idealTree +-- jsprim@1.3.1
75 silly idealTree +-- kind-of@3.1.0
75 silly idealTree +-- klaw@1.3.1
75 silly idealTree +-- lazy-cache@1.0.4
75 silly idealTree +-- lcid@1.0.0
75 silly idealTree +-- left-pad@1.1.3
75 silly idealTree +-- levn@0.3.0
75 silly idealTree +-- load-json-file@1.1.0
75 silly idealTree +-- lodash._arraycopy@3.0.0
75 silly idealTree +-- lodash._arrayeach@3.0.0
75 silly idealTree +-- lodash._baseassign@3.2.0
75 silly idealTree +-- lodash._baseclone@3.3.0
75 silly idealTree +-- lodash._basecopy@3.0.1
75 silly idealTree +-- lodash._basefor@3.0.3
75 silly idealTree +-- lodash._basetostring@3.0.1
75 silly idealTree +-- lodash._basevalues@3.0.0
75 silly idealTree +-- lodash._bindcallback@3.0.1
75 silly idealTree +-- lodash._getnative@3.9.1
75 silly idealTree +-- lodash._isiterateecall@3.0.9
75 silly idealTree +-- lodash._reescape@3.0.0
75 silly idealTree +-- lodash._reevaluate@3.0.0
75 silly idealTree +-- lodash._reinterpolate@3.0.0
75 silly idealTree +-- lodash._root@3.0.1
75 silly idealTree +-- lodash.assign@4.2.0
75 silly idealTree +-- lodash.clonedeep@3.0.2
75 silly idealTree +-- lodash.escape@3.2.0
75 silly idealTree +-- lodash.isarguments@3.1.0
75 silly idealTree +-- lodash.isarray@3.0.4
75 silly idealTree +-- lodash.keys@3.1.2
75 silly idealTree +-- lodash.pad@4.5.1
75 silly idealTree +-- lodash.padend@4.6.1
75 silly idealTree +-- lodash.padstart@4.6.1
75 silly idealTree +-- lodash.restparam@3.6.1
75 silly idealTree +-- lodash.template@3.6.2
75 silly idealTree +-- lodash.templatesettings@3.1.1
75 silly idealTree +-- lodash@4.17.4
75 silly idealTree +-- longest@1.0.1
75 silly idealTree +-- loose-envify@1.3.1
75 silly idealTree | `-- js-tokens@3.0.0
75 silly idealTree +-- lru-cache@4.0.2
75 silly idealTree +-- makeerror@1.0.11
75 silly idealTree +-- marked-terminal@1.7.0
75 silly idealTree +-- marked@0.3.6
75 silly idealTree +-- media-typer@0.3.0
75 silly idealTree +-- merge@1.2.0
75 silly idealTree +-- method-override@2.3.7
75 silly idealTree | +-- debug@2.3.3
75 silly idealTree | `-- vary@1.1.0
75 silly idealTree +-- methods@1.1.2
75 silly idealTree +-- micromatch@2.3.11
75 silly idealTree +-- mime-db@1.26.0
75 silly idealTree +-- mime-types@2.1.11
75 silly idealTree | `-- mime-db@1.23.0
75 silly idealTree +-- mime@1.3.4
75 silly idealTree +-- min-document@2.19.0
75 silly idealTree +-- minimatch@3.0.3
75 silly idealTree +-- minimist@1.2.0
75 silly idealTree +-- mkdirp@0.5.1
75 silly idealTree | `-- minimist@0.0.8
75 silly idealTree +-- moment@2.17.1
75 silly idealTree +-- morgan@1.6.1
75 silly idealTree | +-- debug@2.2.0
75 silly idealTree | `-- ms@0.7.1
75 silly idealTree +-- ms@0.7.2
75 silly idealTree +-- multimatch@2.1.0
75 silly idealTree +-- multiparty@3.3.2
75 silly idealTree +-- multipipe@0.1.2
75 silly idealTree +-- mute-stream@0.0.5
75 silly idealTree +-- natural-compare@1.4.0
75 silly idealTree +-- negotiator@0.5.3
75 silly idealTree +-- node-emoji@1.5.1
75 silly idealTree +-- node-fetch@1.6.3
75 silly idealTree +-- node-int64@0.4.0
75 silly idealTree +-- node-notifier@4.6.1
75 silly idealTree +-- normalize-package-data@2.3.5
75 silly idealTree +-- normalize-path@2.0.1
75 silly idealTree +-- npmlog@2.0.4
75 silly idealTree +-- number-is-nan@1.0.1
75 silly idealTree +-- nwmatcher@1.3.9
75 silly idealTree +-- oauth-sign@0.8.2
75 silly idealTree +-- object-assign@4.1.1
75 silly idealTree +-- object.omit@2.0.1
75 silly idealTree +-- on-finished@2.3.0
75 silly idealTree +-- on-headers@1.0.1
75 silly idealTree +-- once@1.4.0
75 silly idealTree +-- onetime@1.1.0
75 silly idealTree +-- opn@3.0.3
75 silly idealTree +-- optimist@0.6.1
75 silly idealTree | +-- minimist@0.0.10
75 silly idealTree | `-- wordwrap@0.0.3
75 silly idealTree +-- optionator@0.8.2
75 silly idealTree +-- options@0.0.6
75 silly idealTree +-- os-homedir@1.0.2
75 silly idealTree +-- os-locale@1.4.0
75 silly idealTree +-- os-tmpdir@1.0.2
75 silly idealTree +-- parse-glob@3.0.4
75 silly idealTree +-- parse-json@2.2.0
75 silly idealTree +-- parse5@1.5.1
75 silly idealTree +-- parseurl@1.3.1
75 silly idealTree +-- path-exists@2.1.0
75 silly idealTree +-- path-is-absolute@1.0.1
75 silly idealTree +-- path-parse@1.0.5
75 silly idealTree +-- path-type@1.1.0
75 silly idealTree +-- pause@0.1.0
75 silly idealTree +-- pegjs@0.9.0
75 silly idealTree +-- pify@2.3.0
75 silly idealTree +-- pinkie-promise@2.0.1
75 silly idealTree +-- pinkie@2.0.4
75 silly idealTree +-- plist@1.2.0
75 silly idealTree | `-- base64-js@0.0.8
75 silly idealTree +-- prelude-ls@1.1.2
75 silly idealTree +-- preserve@0.2.0
75 silly idealTree +-- pretty-format@18.1.0
75 silly idealTree +-- private@0.1.6
75 silly idealTree +-- process-nextick-args@1.0.7
75 silly idealTree +-- process@0.5.2
75 silly idealTree +-- progress@1.1.8
75 silly idealTree +-- promise@7.1.1
75 silly idealTree +-- prr@0.0.0
75 silly idealTree +-- pseudomap@1.0.2
75 silly idealTree +-- punycode@1.4.1
75 silly idealTree +-- qs@4.0.0
75 silly idealTree +-- random-bytes@1.0.0
75 silly idealTree +-- randomatic@1.1.6
75 silly idealTree +-- range-parser@1.0.3
75 silly idealTree +-- raw-body@2.1.7
75 silly idealTree | +-- bytes@2.4.0
75 silly idealTree | `-- iconv-lite@0.4.13
75 silly idealTree +-- react-clone-referenced-element@1.0.1
75 silly idealTree +-- react-deep-force-update@1.0.1
75 silly idealTree +-- react-native-carousel@0.10.0
75 silly idealTree +-- react-native-looped-carousel@0.1.4
75 silly idealTree +-- react-native-orientation@1.17.0
75 silly idealTree +-- react-native-push-notification@2.2.1
75 silly idealTree +-- react-native-responsive-image@2.0.1
75 silly idealTree +-- react-native-vector-icons@4.0.0
75 silly idealTree +-- react-native@0.40.0
75 silly idealTree +-- react-proxy@1.1.8
75 silly idealTree +-- react-test-renderer@15.4.2
75 silly idealTree +-- react-timer-mixin@0.13.3
75 silly idealTree +-- react-transform-hmr@1.0.4
75 silly idealTree +-- react@15.4.2
75 silly idealTree +-- read-pkg-up@1.0.1
75 silly idealTree +-- read-pkg@1.1.0
75 silly idealTree +-- readable-stream@1.1.14
75 silly idealTree +-- readline2@1.0.1
75 silly idealTree +-- rebound@0.0.13
75 silly idealTree +-- redeyed@1.0.1
75 silly idealTree | `-- esprima@3.0.0
75 silly idealTree +-- regenerate@1.3.2
75 silly idealTree +-- regenerator-runtime@0.9.6
75 silly idealTree +-- regenerator-transform@0.9.8
75 silly idealTree +-- regex-cache@0.4.3
75 silly idealTree +-- regexpu-core@2.0.0
75 silly idealTree +-- regjsgen@0.2.0
75 silly idealTree +-- regjsparser@0.1.5
75 silly idealTree | `-- jsesc@0.5.0
75 silly idealTree +-- repeat-element@1.1.2
75 silly idealTree +-- repeat-string@1.6.1
75 silly idealTree +-- repeating@2.0.1
75 silly idealTree +-- replace-ext@0.0.1
75 silly idealTree +-- request@2.79.0
75 silly idealTree | `-- qs@6.3.0
75 silly idealTree +-- require-directory@2.1.1
75 silly idealTree +-- require-main-filename@1.0.1
75 silly idealTree +-- resolve@1.2.0
75 silly idealTree +-- response-time@2.3.2
75 silly idealTree | `-- depd@1.1.0
75 silly idealTree +-- restore-cursor@1.0.1
75 silly idealTree +-- right-align@0.1.3
75 silly idealTree +-- rimraf@2.5.4
75 silly idealTree | `-- glob@7.1.1
75 silly idealTree +-- rndm@1.2.0
75 silly idealTree +-- run-async@0.1.0
75 silly idealTree +-- rx-lite@3.1.2
75 silly idealTree +-- sane@1.4.1
75 silly idealTree +-- sax@1.1.6
75 silly idealTree +-- semver@5.3.0
75 silly idealTree +-- send@0.13.2
75 silly idealTree | +-- debug@2.2.0
75 silly idealTree | +-- depd@1.1.0
75 silly idealTree | +-- ms@0.7.1
75 silly idealTree | `-- statuses@1.2.1
75 silly idealTree +-- serve-favicon@2.3.2
75 silly idealTree +-- serve-index@1.7.3
75 silly idealTree | +-- debug@2.2.0
75 silly idealTree | `-- ms@0.7.1
75 silly idealTree +-- serve-static@1.10.3
75 silly idealTree +-- set-blocking@2.0.0
75 silly idealTree +-- setimmediate@1.0.5
75 silly idealTree +-- shell-quote@1.6.1
75 silly idealTree +-- shellwords@0.1.0
75 silly idealTree +-- simple-plist@0.1.4
75 silly idealTree +-- slash@1.0.0
75 silly idealTree +-- slide@1.1.6
75 silly idealTree +-- sntp@1.0.9
75 silly idealTree +-- source-map-support@0.4.9
75 silly idealTree +-- source-map@0.5.6
75 silly idealTree +-- sparkles@1.0.0
75 silly idealTree +-- spdx-correct@1.0.2
75 silly idealTree +-- spdx-expression-parse@1.0.4
75 silly idealTree +-- spdx-license-ids@1.2.2
75 silly idealTree +-- sprintf-js@1.0.3
75 silly idealTree +-- sshpk@1.10.2
75 silly idealTree | `-- assert-plus@1.0.0
75 silly idealTree +-- stacktrace-parser@0.1.4
75 silly idealTree +-- statuses@1.3.1
75 silly idealTree +-- stream-buffers@0.2.6
75 silly idealTree +-- stream-counter@0.2.0
75 silly idealTree +-- string_decoder@0.10.31
75 silly idealTree +-- string-width@1.0.2
75 silly idealTree +-- string.prototype.codepointat@0.2.0
75 silly idealTree +-- stringstream@0.0.5
75 silly idealTree +-- strip-ansi@3.0.1
75 silly idealTree +-- strip-bom@2.0.0
75 silly idealTree +-- supports-color@2.0.0
75 silly idealTree +-- symbol-tree@3.2.1
75 silly idealTree +-- temp@0.8.3
75 silly idealTree | `-- rimraf@2.2.8
75 silly idealTree +-- test-exclude@3.3.0
75 silly idealTree +-- throat@3.0.0
75 silly idealTree +-- through@2.3.8
75 silly idealTree +-- through2@2.0.3
75 silly idealTree | +-- isarray@1.0.0
75 silly idealTree | `-- readable-stream@2.2.2
75 silly idealTree +-- time-stamp@1.0.1
75 silly idealTree +-- tmpl@1.0.4
75 silly idealTree +-- to-fast-properties@1.0.2
75 silly idealTree +-- topo@1.1.0
75 silly idealTree +-- tough-cookie@2.3.2
75 silly idealTree +-- tr46@0.0.3
75 silly idealTree +-- tsscmp@1.0.5
75 silly idealTree +-- tunnel-agent@0.4.3
75 silly idealTree +-- tweetnacl@0.14.5
75 silly idealTree +-- type-check@0.3.2
75 silly idealTree +-- type-is@1.6.14
75 silly idealTree | `-- mime-types@2.1.14
75 silly idealTree +-- ua-parser-js@0.7.12
75 silly idealTree +-- uglify-js@2.7.5
75 silly idealTree | +-- async@0.2.10
75 silly idealTree | `-- yargs@3.10.0
75 silly idealTree +-- uglify-to-browserify@1.0.2
75 silly idealTree +-- uid-safe@2.1.3
75 silly idealTree +-- ultron@1.0.2
75 silly idealTree +-- unpipe@1.0.0
75 silly idealTree +-- util-deprecate@1.0.2
75 silly idealTree +-- utils-merge@1.0.0
75 silly idealTree +-- uuid@3.0.1
75 silly idealTree +-- validate-npm-package-license@3.0.1
75 silly idealTree +-- vary@1.0.1
75 silly idealTree +-- verror@1.3.6
75 silly idealTree +-- vhost@3.0.2
75 silly idealTree +-- vinyl@0.5.3
75 silly idealTree +-- walker@1.0.7
75 silly idealTree +-- watch@0.10.0
75 silly idealTree +-- webidl-conversions@3.0.1
75 silly idealTree +-- whatwg-encoding@1.0.1
75 silly idealTree | `-- iconv-lite@0.4.13
75 silly idealTree +-- whatwg-fetch@1.1.1
75 silly idealTree +-- whatwg-url@4.3.0
75 silly idealTree +-- which-module@1.0.0
75 silly idealTree +-- which@1.2.12
75 silly idealTree +-- window-size@0.1.0
75 silly idealTree +-- wordwrap@1.0.0
75 silly idealTree +-- worker-farm@1.3.1
75 silly idealTree +-- wrap-ansi@2.1.0
75 silly idealTree +-- wrappy@1.0.2
75 silly idealTree +-- write-file-atomic@1.3.1
75 silly idealTree +-- ws@1.1.1
75 silly idealTree +-- xcode@0.8.9
75 silly idealTree | `-- node-uuid@1.4.7
75 silly idealTree +-- xml-name-validator@2.0.1
75 silly idealTree +-- xmlbuilder@4.0.0
75 silly idealTree | `-- lodash@3.10.1
75 silly idealTree +-- xmldoc@0.4.0
75 silly idealTree +-- xmldom@0.1.27
75 silly idealTree +-- xtend@4.0.1
75 silly idealTree +-- y18n@3.2.1
75 silly idealTree +-- yallist@2.0.0
75 silly idealTree +-- yargs-parser@4.2.1
75 silly idealTree | `-- camelcase@3.0.0
75 silly idealTree `-- yargs@6.6.0
75 silly idealTree   +-- camelcase@3.0.0
75 silly idealTree   `-- cliui@3.2.0
76 silly generateActionsToTake Starting
77 silly install generateActionsToTake
78 silly generateActionsToTake Finishing
79 silly diffTrees action count 1
80 silly diffTrees add react-native-push-notification@2.2.1
81 silly decomposeActions action count 8
82 silly decomposeActions fetch react-native-push-notification@2.2.1
83 silly decomposeActions extract react-native-push-notification@2.2.1
84 silly decomposeActions test react-native-push-notification@2.2.1
85 silly decomposeActions preinstall react-native-push-notification@2.2.1
86 silly decomposeActions build react-native-push-notification@2.2.1
87 silly decomposeActions install react-native-push-notification@2.2.1
88 silly decomposeActions postinstall react-native-push-notification@2.2.1
89 silly decomposeActions finalize react-native-push-notification@2.2.1
90 silly runTopLevelLifecycles Starting
91 silly executeActions Starting
92 silly install executeActions
93 silly doSerial global-install 0
94 silly doParallel fetch 1
95 verbose correctMkdir C:\Users\codea\AppData\Roaming\npm-cache\_locks correctMkdir not in flight; initializing
96 verbose lock using C:\Users\codea\AppData\Roaming\npm-cache\_locks\staging-5727865f1c17984e.lock for c:\xampp\htdocs\pro_ashu\node_modules\.staging
97 silly doParallel extract 1
98 silly extract react-native-push-notification@2.2.1
99 verbose unbuild node_modules\.staging\react-native-push-notification-291e4e2f
100 silly gentlyRm c:\xampp\htdocs\pro_ashu\node_modules\.staging\react-native-push-notification-291e4e2f is being purged from base c:\xampp\htdocs\pro_ashu
101 verbose gentlyRm don't care about contents; nuking c:\xampp\htdocs\pro_ashu\node_modules\.staging\react-native-push-notification-291e4e2f
102 verbose tar unpack C:\Users\codea\AppData\Roaming\npm-cache\react-native-push-notification\2.2.1\package.tgz
103 verbose tar unpacking to c:\xampp\htdocs\pro_ashu\node_modules\.staging\react-native-push-notification-291e4e2f
104 silly gentlyRm c:\xampp\htdocs\pro_ashu\node_modules\.staging\react-native-push-notification-291e4e2f is being purged
105 verbose gentlyRm don't care about contents; nuking c:\xampp\htdocs\pro_ashu\node_modules\.staging\react-native-push-notification-291e4e2f
106 silly gunzTarPerm modes [ '777', '666' ]
107 silly gunzTarPerm extractEntry package.json
108 silly gunzTarPerm modified mode [ 'package.json', 420, 438 ]
109 silly gunzTarPerm extractEntry .npmignore
110 silly gunzTarPerm modified mode [ '.npmignore', 420, 438 ]
111 silly gunzTarPerm extractEntry README.md
112 silly gunzTarPerm modified mode [ 'README.md', 420, 438 ]
113 silly gunzTarPerm extractEntry LICENSE
114 silly gunzTarPerm modified mode [ 'LICENSE', 420, 438 ]
115 silly gunzTarPerm extractEntry index.js
116 silly gunzTarPerm modified mode [ 'index.js', 420, 438 ]
117 silly gunzTarPerm extractEntry android/.npmignore
118 silly gunzTarPerm modified mode [ 'android/.npmignore', 420, 438 ]
119 silly gunzTarPerm extractEntry android/build.gradle
120 silly gunzTarPerm modified mode [ 'android/build.gradle', 420, 438 ]
121 silly gunzTarPerm extractEntry android/proguard-rules.pro
122 silly gunzTarPerm modified mode [ 'android/proguard-rules.pro', 420, 438 ]
123 silly gunzTarPerm extractEntry android/react-native-push-notification.iml
124 silly gunzTarPerm modified mode [ 'android/react-native-push-notification.iml', 420, 438 ]
125 silly gunzTarPerm extractEntry android/src/main/AndroidManifest.xml
126 silly gunzTarPerm modified mode [ 'android/src/main/AndroidManifest.xml', 420, 438 ]
127 silly gunzTarPerm extractEntry android/src/main/java/com/dieam/reactnativepushnotification/ReactNativePushNotificationPackage.java
128 silly gunzTarPerm modified mode [ 'android/src/main/java/com/dieam/reactnativepushnotification/ReactNativePushNotificationPackage.java',
128 silly gunzTarPerm   420,
128 silly gunzTarPerm   438 ]
129 silly gunzTarPerm extractEntry android/src/main/java/com/dieam/reactnativepushnotification/helpers/ApplicationBadgeHelper.java
130 silly gunzTarPerm modified mode [ 'android/src/main/java/com/dieam/reactnativepushnotification/helpers/ApplicationBadgeHelper.java',
130 silly gunzTarPerm   420,
130 silly gunzTarPerm   438 ]
131 silly gunzTarPerm extractEntry android/src/main/java/com/dieam/reactnativepushnotification/modules/RNPushNotification.java
132 silly gunzTarPerm modified mode [ 'android/src/main/java/com/dieam/reactnativepushnotification/modules/RNPushNotification.java',
132 silly gunzTarPerm   420,
132 silly gunzTarPerm   438 ]
133 silly gunzTarPerm extractEntry android/src/main/java/com/dieam/reactnativepushnotification/modules/RNPushNotificationAttributes.java
134 silly gunzTarPerm modified mode [ 'android/src/main/java/com/dieam/reactnativepushnotification/modules/RNPushNotificationAttributes.java',
134 silly gunzTarPerm   420,
134 silly gunzTarPerm   438 ]
135 silly gunzTarPerm extractEntry android/src/main/java/com/dieam/reactnativepushnotification/modules/RNPushNotificationBootEventReceiver.java
136 silly gunzTarPerm modified mode [ 'android/src/main/java/com/dieam/reactnativepushnotification/modules/RNPushNotificationBootEventReceiver.java',
136 silly gunzTarPerm   420,
136 silly gunzTarPerm   438 ]
137 silly gunzTarPerm extractEntry android/src/main/java/com/dieam/reactnativepushnotification/modules/RNPushNotificationHelper.java
138 silly gunzTarPerm modified mode [ 'android/src/main/java/com/dieam/reactnativepushnotification/modules/RNPushNotificationHelper.java',
138 silly gunzTarPerm   420,
138 silly gunzTarPerm   438 ]
139 silly gunzTarPerm extractEntry android/src/main/java/com/dieam/reactnativepushnotification/modules/RNPushNotificationJsDelivery.java
140 silly gunzTarPerm modified mode [ 'android/src/main/java/com/dieam/reactnativepushnotification/modules/RNPushNotificationJsDelivery.java',
140 silly gunzTarPerm   420,
140 silly gunzTarPerm   438 ]
141 silly gunzTarPerm extractEntry android/src/main/java/com/dieam/reactnativepushnotification/modules/RNPushNotificationListenerService.java
142 silly gunzTarPerm modified mode [ 'android/src/main/java/com/dieam/reactnativepushnotification/modules/RNPushNotificationListenerService.java',
142 silly gunzTarPerm   420,
142 silly gunzTarPerm   438 ]
143 silly gunzTarPerm extractEntry android/src/main/java/com/dieam/reactnativepushnotification/modules/RNPushNotificationPublisher.java
144 silly gunzTarPerm modified mode [ 'android/src/main/java/com/dieam/reactnativepushnotification/modules/RNPushNotificationPublisher.java',
144 silly gunzTarPerm   420,
144 silly gunzTarPerm   438 ]
145 silly gunzTarPerm extractEntry android/src/main/java/com/dieam/reactnativepushnotification/modules/RNPushNotificationRegistrationService.java
146 silly gunzTarPerm modified mode [ 'android/src/main/java/com/dieam/reactnativepushnotification/modules/RNPushNotificationRegistrationService.java',
146 silly gunzTarPerm   420,
146 silly gunzTarPerm   438 ]
147 silly gunzTarPerm extractEntry component/index.android.js
148 silly gunzTarPerm modified mode [ 'component/index.android.js', 420, 438 ]
149 silly gunzTarPerm extractEntry component/index.ios.js
150 silly gunzTarPerm modified mode [ 'component/index.ios.js', 420, 438 ]
151 silly gunzTarPerm extractEntry component/index.js
152 silly gunzTarPerm modified mode [ 'component/index.js', 420, 438 ]
153 silly gunzTarPerm extractEntry trouble-shooting.md
154 silly gunzTarPerm modified mode [ 'trouble-shooting.md', 420, 438 ]
155 silly gentlyRm c:\xampp\htdocs\pro_ashu\node_modules\.staging\react-native-push-notification-291e4e2f\node_modules is being purged
156 verbose gentlyRm don't care about contents; nuking c:\xampp\htdocs\pro_ashu\node_modules\.staging\react-native-push-notification-291e4e2f\node_modules
157 silly doParallel preinstall 1
158 silly preinstall react-native-push-notification@2.2.1 c:\xampp\htdocs\pro_ashu\node_modules\.staging\react-native-push-notification-291e4e2f
159 info lifecycle react-native-push-notification@2.2.1~preinstall: react-native-push-notification@2.2.1
160 silly lifecycle react-native-push-notification@2.2.1~preinstall: no script for preinstall, continuing
161 silly doReverseSerial remove 0
162 silly doSerial move 0
163 silly doSerial finalize 1
164 silly finalize c:\xampp\htdocs\pro_ashu\node_modules\react-native-push-notification
165 verbose unlock done using C:\Users\codea\AppData\Roaming\npm-cache\_locks\staging-5727865f1c17984e.lock for c:\xampp\htdocs\pro_ashu\node_modules\.staging
166 silly rollbackFailedOptional Starting
167 silly rollbackFailedOptional Finishing
168 silly runTopLevelLifecycles Finishing
169 silly install printInstalled
170 verbose stack Error: EPERM: operation not permitted, rename 'c:\xampp\htdocs\pro_ashu\node_modules\.staging\react-native-push-notification-291e4e2f' -> 'c:\xampp\htdocs\pro_ashu\node_modules\react-native-push-notification'
170 verbose stack     at destStatted (C:\Program Files\nodejs\node_modules\npm\lib\install\action\finalize.js:25:7)
170 verbose stack     at FSReqWrap.oncomplete (fs.js:123:15)
170 verbose stack
170 verbose stack Error: EPERM: operation not permitted, rename 'c:\xampp\htdocs\pro_ashu\node_modules\.staging\react-native-push-notification-291e4e2f' -> 'c:\xampp\htdocs\pro_ashu\node_modules\react-native-push-notification'
170 verbose stack     at Error (native)
171 verbose cwd c:\xampp\htdocs\pro_ashu
172 error Windows_NT 10.0.14393
173 error argv "C:\\Program Files\\nodejs\\node.exe" "C:\\Program Files\\nodejs\\node_modules\\npm\\bin\\npm-cli.js" "install" "react-native-push-notification"
174 error node v6.9.1
175 error npm  v3.10.8
176 error path c:\xampp\htdocs\pro_ashu\node_modules\.staging\react-native-push-notification-291e4e2f
177 error code EPERM
178 error errno -4048
179 error syscall rename
180 error Error: EPERM: operation not permitted, rename 'c:\xampp\htdocs\pro_ashu\node_modules\.staging\react-native-push-notification-291e4e2f' -> 'c:\xampp\htdocs\pro_ashu\node_modules\react-native-push-notification'
180 error     at destStatted (C:\Program Files\nodejs\node_modules\npm\lib\install\action\finalize.js:25:7)
180 error     at FSReqWrap.oncomplete (fs.js:123:15)
180 error
180 error Error: EPERM: operation not permitted, rename 'c:\xampp\htdocs\pro_ashu\node_modules\.staging\react-native-push-notification-291e4e2f' -> 'c:\xampp\htdocs\pro_ashu\node_modules\react-native-push-notification'
180 error     at Error (native)
180 error  { Error: EPERM: operation not permitted, rename 'c:\xampp\htdocs\pro_ashu\node_modules\.staging\react-native-push-notification-291e4e2f' -> 'c:\xampp\htdocs\pro_ashu\node_modules\react-native-push-notification'
180 error     at destStatted (C:\Program Files\nodejs\node_modules\npm\lib\install\action\finalize.js:25:7)
180 error     at FSReqWrap.oncomplete (fs.js:123:15)
180 error
180 error Error: EPERM: operation not permitted, rename 'c:\xampp\htdocs\pro_ashu\node_modules\.staging\react-native-push-notification-291e4e2f' -> 'c:\xampp\htdocs\pro_ashu\node_modules\react-native-push-notification'
180 error     at Error (native) parent: 'project' }
181 error Please try running this command again as root/Administrator.
182 verbose exit [ -4048, true ]
